<?xml version="1.0" encoding="UTF-8"?>
<!-- Generated by org.testng.reporters.JUnitReportReporter -->
<testsuite hostname="DESKTOP-2NG8JFM" failures="0" tests="3" name="tests.ProductGETTests" time="0.442" errors="0" timestamp="2025-08-11T11:39:48 IST" skipped="0">
  <testcase classname="tests.ProductGETTests" name="testViewProductByName" time="0.126"/>
  <testcase classname="tests.ProductGETTests" name="testViewAllProducts" time="0.199"/>
  <testcase classname="tests.ProductGETTests" name="testViewProductById" time="0.117"/>
</testsuite> <!-- tests.ProductGETTests -->
