<?xml version="1.0" encoding="UTF-8"?>
<!-- Generated by org.testng.reporters.JUnitReportReporter -->
<testsuite hostname="DESKTOP-2NG8JFM" failures="0" tests="1" name="tests.ProductDELETETest" time="0.113" errors="0" timestamp="2025-08-11T11:39:48 IST" skipped="0">
  <testcase classname="tests.ProductDELETETest" name="testDeleteProductById" time="0.113"/>
</testsuite> <!-- tests.ProductDELETETest -->
